<test-run id="2" testcasecount="11" result="Passed" start-time="2022-05-24 19:15:00.293386" end-time="2022-05-24 19:17:08.700178" duration="128" total="11" passed="11" failed="0" inconclusive="0" skipped="0" asserts="0" clr-version="3.10.4 (tags/v3.10.4:9d38120, Mar 23 2022, 23:13:41) [MSC v.1929 64 bit (AMD64)]" engine-version="3.6.2"><command-line>C:\Users\VASILI\AppData\Local\Programs\Python\Python310\Scripts\pytest -v</command-line><filter /><test-suite id="tests/test_ProductList.py::TestProductList" name="tests/test_ProductList.py::TestProductList" fullname="tests/test_ProductList.py::TestProductList" methodname="" classname="" runstate="Runnable" type="Assembly" testcasecount="2" result="Passed" label="" start-time="2022-05-24 19:16:30.949797" end-time="2022-05-24 19:16:46.880310" duration="15.930513" asserts="0" total="2" passed="2" failed="0" warnings="0" inconclusive="0" skipped="0"><properties><property name="python_version" value="3.10.4 (tags/v3.10.4:9d38120, Mar 23 2022, 23:13:41) [MSC v.1929 64 bit (AMD64)]" /></properties><test-case id="107" name="tests/test_ProductList.py::TestProductList::test_add_to_cart" fullname="tests/test_ProductList.py::TestProductList::test_add_to_cart" methodname="test_add_to_cart" classname="TestProductList" runstate="Runnable" seed="1" result="Passed" label="" start-time="2022-05-24 19:16:30.949797" end-time="2022-05-24 19:16:35.249749" duration="4.299952" asserts="0"><properties><property name="python-version" value="3.10.4 (tags/v3.10.4:9d38120, Mar 23 2022, 23:13:41) [MSC v.1929 64 bit (AMD64)]" /><property name="fspath" value="tests/test_ProductList.py" /></properties><environment framework-version="3.6.2" clr-version="3.10.4 (tags/v3.10.4:9d38120, Mar 23 2022, 23:13:41) [MSC v.1929 64 bit (AMD64)]" os-version="10" platform="Windows" cwd="C:\POM-Lesson" machine-name="AMD64" user="" user-domain="" culture="en_US" uiculture="en_US" os-architecture="64bit" /><failure><message><![CDATA[]]></message><stack-trace><![CDATA[None]]></stack-trace></failure><reason><message><![CDATA[&#x1b;[32mINFO    &#x1b;[0m root:conftest.py:15 Opening firefox browser
&#x1b;[32mINFO    &#x1b;[0m root:conftest.py:18 Navigating to https://www.saucedemo.com/
&#x1b;[32mINFO    &#x1b;[0m root:test_ProductList.py:18 Test Case: Add to Cart
&#x1b;[32mINFO    &#x1b;[0m root:conftest.py:26 Taking a screenshot C:\POM-Lesson\tests\.\screenshots\image-052422-151632.png
&#x1b;[32mINFO    &#x1b;[0m root:conftest.py:27 Closing the browser]]></message></reason><output><![CDATA[&#x1b;[32mINFO    &#x1b;[0m root:conftest.py:15 Opening firefox browser
&#x1b;[32mINFO    &#x1b;[0m root:conftest.py:18 Navigating to https://www.saucedemo.com/
&#x1b;[32mINFO    &#x1b;[0m root:test_ProductList.py:18 Test Case: Add to Cart
&#x1b;[32mINFO    &#x1b;[0m root:conftest.py:26 Taking a screenshot C:\POM-Lesson\tests\.\screenshots\image-052422-151632.png
&#x1b;[32mINFO    &#x1b;[0m root:conftest.py:27 Closing the browser]]></output><attachments><attachment><filePath>C:\POM-Lesson\tests\.\screenshots\image-052422-151632.png</filePath><description>testing SwagLabs webpage</description></attachment></attachments></test-case><test-case id="108" name="tests/test_ProductList.py::TestProductList::test_product_added" fullname="tests/test_ProductList.py::TestProductList::test_product_added" methodname="test_product_added" classname="TestProductList" runstate="Runnable" seed="1" result="Passed" label="" start-time="2022-05-24 19:16:43.006598" end-time="2022-05-24 19:16:46.880310" duration="3.873712" asserts="0"><properties><property name="python-version" value="3.10.4 (tags/v3.10.4:9d38120, Mar 23 2022, 23:13:41) [MSC v.1929 64 bit (AMD64)]" /><property name="fspath" value="tests/test_ProductList.py" /></properties><environment framework-version="3.6.2" clr-version="3.10.4 (tags/v3.10.4:9d38120, Mar 23 2022, 23:13:41) [MSC v.1929 64 bit (AMD64)]" os-version="10" platform="Windows" cwd="C:\POM-Lesson" machine-name="AMD64" user="" user-domain="" culture="en_US" uiculture="en_US" os-architecture="64bit" /><failure><message><![CDATA[]]></message><stack-trace><![CDATA[None]]></stack-trace></failure><reason><message><![CDATA[&#x1b;[32mINFO    &#x1b;[0m root:conftest.py:15 Opening firefox browser
&#x1b;[32mINFO    &#x1b;[0m root:conftest.py:18 Navigating to https://www.saucedemo.com/
&#x1b;[32mINFO    &#x1b;[0m root:test_ProductList.py:32 Test Case: Product added to cart
&#x1b;[32mINFO    &#x1b;[0m root:conftest.py:26 Taking a screenshot C:\POM-Lesson\tests\.\screenshots\image-052422-151644.png
&#x1b;[32mINFO    &#x1b;[0m root:conftest.py:27 Closing the browser]]></message></reason><output><![CDATA[&#x1b;[32mINFO    &#x1b;[0m root:conftest.py:15 Opening firefox browser
&#x1b;[32mINFO    &#x1b;[0m root:conftest.py:18 Navigating to https://www.saucedemo.com/
&#x1b;[32mINFO    &#x1b;[0m root:test_ProductList.py:32 Test Case: Product added to cart
&#x1b;[32mINFO    &#x1b;[0m root:conftest.py:26 Taking a screenshot C:\POM-Lesson\tests\.\screenshots\image-052422-151644.png
&#x1b;[32mINFO    &#x1b;[0m root:conftest.py:27 Closing the browser]]></output><attachments><attachment><filePath>C:\POM-Lesson\tests\.\screenshots\image-052422-151644.png</filePath><description>testing SwagLabs webpage</description></attachment></attachments></test-case><environment framework-version="3.6.2" clr-version="3.10.4 (tags/v3.10.4:9d38120, Mar 23 2022, 23:13:41) [MSC v.1929 64 bit (AMD64)]" os-version="10" platform="Windows" cwd="C:\POM-Lesson" machine-name="AMD64" user="" user-domain="" culture="en_US" uiculture="en_US" os-architecture="64bit" /></test-suite><test-suite id="tests/test_Cart.py::TestCart" name="tests/test_Cart.py::TestCart" fullname="tests/test_Cart.py::TestCart" methodname="" classname="" runstate="Runnable" type="Assembly" testcasecount="2" result="Passed" label="" start-time="2022-05-24 19:15:08.164647" end-time="2022-05-24 19:15:22.439612" duration="14.274965" asserts="0" total="2" passed="2" failed="0" warnings="0" inconclusive="0" skipped="0"><properties><property name="python_version" value="3.10.4 (tags/v3.10.4:9d38120, Mar 23 2022, 23:13:41) [MSC v.1929 64 bit (AMD64)]" /></properties><test-case id="100" name="tests/test_Cart.py::TestCart::test_remove_item_during_checkout" fullname="tests/test_Cart.py::TestCart::test_remove_item_during_checkout" methodname="test_remove_item_during_checkout" classname="TestCart" runstate="Runnable" seed="1" result="Passed" label="" start-time="2022-05-24 19:15:08.164647" end-time="2022-05-24 19:15:11.524581" duration="3.359934" asserts="0"><properties><property name="python-version" value="3.10.4 (tags/v3.10.4:9d38120, Mar 23 2022, 23:13:41) [MSC v.1929 64 bit (AMD64)]" /><property name="fspath" value="tests/test_Cart.py" /></properties><environment framework-version="3.6.2" clr-version="3.10.4 (tags/v3.10.4:9d38120, Mar 23 2022, 23:13:41) [MSC v.1929 64 bit (AMD64)]" os-version="10" platform="Windows" cwd="C:\POM-Lesson" machine-name="AMD64" user="" user-domain="" culture="en_US" uiculture="en_US" os-architecture="64bit" /><failure><message><![CDATA[]]></message><stack-trace><![CDATA[None]]></stack-trace></failure><reason><message><![CDATA[&#x1b;[32mINFO    &#x1b;[0m root:conftest.py:15 Opening firefox browser
&#x1b;[32mINFO    &#x1b;[0m root:conftest.py:18 Navigating to https://www.saucedemo.com/
&#x1b;[32mINFO    &#x1b;[0m root:test_Cart.py:27 Test Case: Remove item during checkout
&#x1b;[32mINFO    &#x1b;[0m root:conftest.py:26 Taking a screenshot C:\POM-Lesson\tests\.\screenshots\image-052422-151509.png
&#x1b;[32mINFO    &#x1b;[0m root:conftest.py:27 Closing the browser]]></message></reason><output><![CDATA[&#x1b;[32mINFO    &#x1b;[0m root:conftest.py:15 Opening firefox browser
&#x1b;[32mINFO    &#x1b;[0m root:conftest.py:18 Navigating to https://www.saucedemo.com/
&#x1b;[32mINFO    &#x1b;[0m root:test_Cart.py:27 Test Case: Remove item during checkout
&#x1b;[32mINFO    &#x1b;[0m root:conftest.py:26 Taking a screenshot C:\POM-Lesson\tests\.\screenshots\image-052422-151509.png
&#x1b;[32mINFO    &#x1b;[0m root:conftest.py:27 Closing the browser]]></output><attachments><attachment><filePath>C:\POM-Lesson\tests\.\screenshots\image-052422-151509.png</filePath><description>testing SwagLabs webpage</description></attachment></attachments></test-case><test-case id="101" name="tests/test_Cart.py::TestCart::test_checkout" fullname="tests/test_Cart.py::TestCart::test_checkout" methodname="test_checkout" classname="TestCart" runstate="Runnable" seed="1" result="Passed" label="" start-time="2022-05-24 19:15:19.025493" end-time="2022-05-24 19:15:22.439612" duration="3.414119" asserts="0"><properties><property name="python-version" value="3.10.4 (tags/v3.10.4:9d38120, Mar 23 2022, 23:13:41) [MSC v.1929 64 bit (AMD64)]" /><property name="fspath" value="tests/test_Cart.py" /></properties><environment framework-version="3.6.2" clr-version="3.10.4 (tags/v3.10.4:9d38120, Mar 23 2022, 23:13:41) [MSC v.1929 64 bit (AMD64)]" os-version="10" platform="Windows" cwd="C:\POM-Lesson" machine-name="AMD64" user="" user-domain="" culture="en_US" uiculture="en_US" os-architecture="64bit" /><failure><message><![CDATA[]]></message><stack-trace><![CDATA[None]]></stack-trace></failure><reason><message><![CDATA[&#x1b;[32mINFO    &#x1b;[0m root:conftest.py:15 Opening firefox browser
&#x1b;[32mINFO    &#x1b;[0m root:conftest.py:18 Navigating to https://www.saucedemo.com/
&#x1b;[32mINFO    &#x1b;[0m root:test_Cart.py:42 Test Case: Checkout
&#x1b;[32mINFO    &#x1b;[0m root:conftest.py:26 Taking a screenshot C:\POM-Lesson\tests\.\screenshots\image-052422-151520.png
&#x1b;[32mINFO    &#x1b;[0m root:conftest.py:27 Closing the browser]]></message></reason><output><![CDATA[&#x1b;[32mINFO    &#x1b;[0m root:conftest.py:15 Opening firefox browser
&#x1b;[32mINFO    &#x1b;[0m root:conftest.py:18 Navigating to https://www.saucedemo.com/
&#x1b;[32mINFO    &#x1b;[0m root:test_Cart.py:42 Test Case: Checkout
&#x1b;[32mINFO    &#x1b;[0m root:conftest.py:26 Taking a screenshot C:\POM-Lesson\tests\.\screenshots\image-052422-151520.png
&#x1b;[32mINFO    &#x1b;[0m root:conftest.py:27 Closing the browser]]></output><attachments><attachment><filePath>C:\POM-Lesson\tests\.\screenshots\image-052422-151520.png</filePath><description>testing SwagLabs webpage</description></attachment></attachments></test-case><environment framework-version="3.6.2" clr-version="3.10.4 (tags/v3.10.4:9d38120, Mar 23 2022, 23:13:41) [MSC v.1929 64 bit (AMD64)]" os-version="10" platform="Windows" cwd="C:\POM-Lesson" machine-name="AMD64" user="" user-domain="" culture="en_US" uiculture="en_US" os-architecture="64bit" /></test-suite><test-suite id="tests/test_login.py::TestLogin" name="tests/test_login.py::TestLogin" fullname="tests/test_login.py::TestLogin" methodname="" classname="" runstate="Runnable" type="Assembly" testcasecount="2" result="Passed" label="" start-time="2022-05-24 19:16:54.611827" end-time="2022-05-24 19:17:08.700178" duration="14.088351" asserts="0" total="2" passed="2" failed="0" warnings="0" inconclusive="0" skipped="0"><properties><property name="python_version" value="3.10.4 (tags/v3.10.4:9d38120, Mar 23 2022, 23:13:41) [MSC v.1929 64 bit (AMD64)]" /></properties><test-case id="109" name="tests/test_login.py::TestLogin::test_login_page_title" fullname="tests/test_login.py::TestLogin::test_login_page_title" methodname="test_login_page_title" classname="TestLogin" runstate="Runnable" seed="1" result="Passed" label="" start-time="2022-05-24 19:16:54.611827" end-time="2022-05-24 19:16:57.014759" duration="2.402932" asserts="0"><properties><property name="python-version" value="3.10.4 (tags/v3.10.4:9d38120, Mar 23 2022, 23:13:41) [MSC v.1929 64 bit (AMD64)]" /><property name="fspath" value="tests/test_login.py" /></properties><environment framework-version="3.6.2" clr-version="3.10.4 (tags/v3.10.4:9d38120, Mar 23 2022, 23:13:41) [MSC v.1929 64 bit (AMD64)]" os-version="10" platform="Windows" cwd="C:\POM-Lesson" machine-name="AMD64" user="" user-domain="" culture="en_US" uiculture="en_US" os-architecture="64bit" /><failure><message><![CDATA[]]></message><stack-trace><![CDATA[None]]></stack-trace></failure><reason><message><![CDATA[&#x1b;[32mINFO    &#x1b;[0m root:conftest.py:15 Opening firefox browser
&#x1b;[32mINFO    &#x1b;[0m root:conftest.py:18 Navigating to https://www.saucedemo.com/
&#x1b;[32mINFO    &#x1b;[0m root:test_login.py:16 Test case: Validating Login Page Title
&#x1b;[32mINFO    &#x1b;[0m root:conftest.py:26 Taking a screenshot C:\POM-Lesson\tests\.\screenshots\image-052422-151654.png
&#x1b;[32mINFO    &#x1b;[0m root:conftest.py:27 Closing the browser]]></message></reason><output><![CDATA[&#x1b;[32mINFO    &#x1b;[0m root:conftest.py:15 Opening firefox browser
&#x1b;[32mINFO    &#x1b;[0m root:conftest.py:18 Navigating to https://www.saucedemo.com/
&#x1b;[32mINFO    &#x1b;[0m root:test_login.py:16 Test case: Validating Login Page Title
&#x1b;[32mINFO    &#x1b;[0m root:conftest.py:26 Taking a screenshot C:\POM-Lesson\tests\.\screenshots\image-052422-151654.png
&#x1b;[32mINFO    &#x1b;[0m root:conftest.py:27 Closing the browser]]></output><attachments><attachment><filePath>C:\POM-Lesson\tests\.\screenshots\image-052422-151654.png</filePath><description>testing SwagLabs webpage</description></attachment></attachments></test-case><test-case id="110" name="tests/test_login.py::TestLogin::test_login" fullname="tests/test_login.py::TestLogin::test_login" methodname="test_login" classname="TestLogin" runstate="Runnable" seed="1" result="Passed" label="" start-time="2022-05-24 19:17:04.763434" end-time="2022-05-24 19:17:08.700178" duration="3.936744" asserts="0"><properties><property name="python-version" value="3.10.4 (tags/v3.10.4:9d38120, Mar 23 2022, 23:13:41) [MSC v.1929 64 bit (AMD64)]" /><property name="fspath" value="tests/test_login.py" /></properties><environment framework-version="3.6.2" clr-version="3.10.4 (tags/v3.10.4:9d38120, Mar 23 2022, 23:13:41) [MSC v.1929 64 bit (AMD64)]" os-version="10" platform="Windows" cwd="C:\POM-Lesson" machine-name="AMD64" user="" user-domain="" culture="en_US" uiculture="en_US" os-architecture="64bit" /><failure><message><![CDATA[]]></message><stack-trace><![CDATA[None]]></stack-trace></failure><reason><message><![CDATA[&#x1b;[32mINFO    &#x1b;[0m root:conftest.py:15 Opening firefox browser
&#x1b;[32mINFO    &#x1b;[0m root:conftest.py:18 Navigating to https://www.saucedemo.com/
&#x1b;[32mINFO    &#x1b;[0m root:test_login.py:29 Test case: Validating Login Process
&#x1b;[32mINFO    &#x1b;[0m root:test_login.py:32 Login successfull
&#x1b;[32mINFO    &#x1b;[0m root:conftest.py:26 Taking a screenshot C:\POM-Lesson\tests\.\screenshots\image-052422-151706.png
&#x1b;[32mINFO    &#x1b;[0m root:conftest.py:27 Closing the browser]]></message></reason><output><![CDATA[&#x1b;[32mINFO    &#x1b;[0m root:conftest.py:15 Opening firefox browser
&#x1b;[32mINFO    &#x1b;[0m root:conftest.py:18 Navigating to https://www.saucedemo.com/
&#x1b;[32mINFO    &#x1b;[0m root:test_login.py:29 Test case: Validating Login Process
&#x1b;[32mINFO    &#x1b;[0m root:test_login.py:32 Login successfull
&#x1b;[32mINFO    &#x1b;[0m root:conftest.py:26 Taking a screenshot C:\POM-Lesson\tests\.\screenshots\image-052422-151706.png
&#x1b;[32mINFO    &#x1b;[0m root:conftest.py:27 Closing the browser]]></output><attachments><attachment><filePath>C:\POM-Lesson\tests\.\screenshots\image-052422-151706.png</filePath><description>testing SwagLabs webpage</description></attachment></attachments></test-case><environment framework-version="3.6.2" clr-version="3.10.4 (tags/v3.10.4:9d38120, Mar 23 2022, 23:13:41) [MSC v.1929 64 bit (AMD64)]" os-version="10" platform="Windows" cwd="C:\POM-Lesson" machine-name="AMD64" user="" user-domain="" culture="en_US" uiculture="en_US" os-architecture="64bit" /></test-suite><test-suite id="tests/test_ProductDetails.py::TestProductDetails" name="tests/test_ProductDetails.py::TestProductDetails" fullname="tests/test_ProductDetails.py::TestProductDetails" methodname="" classname="" runstate="Runnable" type="Assembly" testcasecount="2" result="Passed" label="" start-time="2022-05-24 19:16:07.315202" end-time="2022-05-24 19:16:23.216251" duration="15.901049" asserts="0" total="2" passed="2" failed="0" warnings="0" inconclusive="0" skipped="0"><properties><property name="python_version" value="3.10.4 (tags/v3.10.4:9d38120, Mar 23 2022, 23:13:41) [MSC v.1929 64 bit (AMD64)]" /></properties><test-case id="105" name="tests/test_ProductDetails.py::TestProductDetails::test_product_details" fullname="tests/test_ProductDetails.py::TestProductDetails::test_product_details" methodname="test_product_details" classname="TestProductDetails" runstate="Runnable" seed="1" result="Passed" label="" start-time="2022-05-24 19:16:07.315202" end-time="2022-05-24 19:16:11.376104" duration="4.060902" asserts="0"><properties><property name="python-version" value="3.10.4 (tags/v3.10.4:9d38120, Mar 23 2022, 23:13:41) [MSC v.1929 64 bit (AMD64)]" /><property name="fspath" value="tests/test_ProductDetails.py" /></properties><environment framework-version="3.6.2" clr-version="3.10.4 (tags/v3.10.4:9d38120, Mar 23 2022, 23:13:41) [MSC v.1929 64 bit (AMD64)]" os-version="10" platform="Windows" cwd="C:\POM-Lesson" machine-name="AMD64" user="" user-domain="" culture="en_US" uiculture="en_US" os-architecture="64bit" /><failure><message><![CDATA[]]></message><stack-trace><![CDATA[None]]></stack-trace></failure><reason><message><![CDATA[&#x1b;[32mINFO    &#x1b;[0m root:conftest.py:15 Opening firefox browser
&#x1b;[32mINFO    &#x1b;[0m root:conftest.py:18 Navigating to https://www.saucedemo.com/
&#x1b;[32mINFO    &#x1b;[0m root:test_ProductDetails.py:16 Test Case: Check product details
&#x1b;[32mINFO    &#x1b;[0m root:conftest.py:26 Taking a screenshot C:\POM-Lesson\tests\.\screenshots\image-052422-151608.png
&#x1b;[32mINFO    &#x1b;[0m root:conftest.py:27 Closing the browser]]></message></reason><output><![CDATA[&#x1b;[32mINFO    &#x1b;[0m root:conftest.py:15 Opening firefox browser
&#x1b;[32mINFO    &#x1b;[0m root:conftest.py:18 Navigating to https://www.saucedemo.com/
&#x1b;[32mINFO    &#x1b;[0m root:test_ProductDetails.py:16 Test Case: Check product details
&#x1b;[32mINFO    &#x1b;[0m root:conftest.py:26 Taking a screenshot C:\POM-Lesson\tests\.\screenshots\image-052422-151608.png
&#x1b;[32mINFO    &#x1b;[0m root:conftest.py:27 Closing the browser]]></output><attachments><attachment><filePath>C:\POM-Lesson\tests\.\screenshots\image-052422-151608.png</filePath><description>testing SwagLabs webpage</description></attachment></attachments></test-case><test-case id="106" name="tests/test_ProductDetails.py::TestProductDetails::test_add_to_cart_from_details_page" fullname="tests/test_ProductDetails.py::TestProductDetails::test_add_to_cart_from_details_page" methodname="test_add_to_cart_from_details_page" classname="TestProductDetails" runstate="Runnable" seed="1" result="Passed" label="" start-time="2022-05-24 19:16:19.083425" end-time="2022-05-24 19:16:23.216251" duration="4.132826" asserts="0"><properties><property name="python-version" value="3.10.4 (tags/v3.10.4:9d38120, Mar 23 2022, 23:13:41) [MSC v.1929 64 bit (AMD64)]" /><property name="fspath" value="tests/test_ProductDetails.py" /></properties><environment framework-version="3.6.2" clr-version="3.10.4 (tags/v3.10.4:9d38120, Mar 23 2022, 23:13:41) [MSC v.1929 64 bit (AMD64)]" os-version="10" platform="Windows" cwd="C:\POM-Lesson" machine-name="AMD64" user="" user-domain="" culture="en_US" uiculture="en_US" os-architecture="64bit" /><failure><message><![CDATA[]]></message><stack-trace><![CDATA[None]]></stack-trace></failure><reason><message><![CDATA[&#x1b;[32mINFO    &#x1b;[0m root:conftest.py:15 Opening firefox browser
&#x1b;[32mINFO    &#x1b;[0m root:conftest.py:18 Navigating to https://www.saucedemo.com/
&#x1b;[32mINFO    &#x1b;[0m root:test_ProductDetails.py:30 Test Case: Add to Cart
&#x1b;[32mINFO    &#x1b;[0m root:conftest.py:26 Taking a screenshot C:\POM-Lesson\tests\.\screenshots\image-052422-151620.png
&#x1b;[32mINFO    &#x1b;[0m root:conftest.py:27 Closing the browser]]></message></reason><output><![CDATA[&#x1b;[32mINFO    &#x1b;[0m root:conftest.py:15 Opening firefox browser
&#x1b;[32mINFO    &#x1b;[0m root:conftest.py:18 Navigating to https://www.saucedemo.com/
&#x1b;[32mINFO    &#x1b;[0m root:test_ProductDetails.py:30 Test Case: Add to Cart
&#x1b;[32mINFO    &#x1b;[0m root:conftest.py:26 Taking a screenshot C:\POM-Lesson\tests\.\screenshots\image-052422-151620.png
&#x1b;[32mINFO    &#x1b;[0m root:conftest.py:27 Closing the browser]]></output><attachments><attachment><filePath>C:\POM-Lesson\tests\.\screenshots\image-052422-151620.png</filePath><description>testing SwagLabs webpage</description></attachment></attachments></test-case><environment framework-version="3.6.2" clr-version="3.10.4 (tags/v3.10.4:9d38120, Mar 23 2022, 23:13:41) [MSC v.1929 64 bit (AMD64)]" os-version="10" platform="Windows" cwd="C:\POM-Lesson" machine-name="AMD64" user="" user-domain="" culture="en_US" uiculture="en_US" os-architecture="64bit" /></test-suite><test-suite id="tests/test_Checkout.py::Test_Checkout" name="tests/test_Checkout.py::Test_Checkout" fullname="tests/test_Checkout.py::Test_Checkout" methodname="" classname="" runstate="Runnable" type="Assembly" testcasecount="3" result="Passed" label="" start-time="2022-05-24 19:15:30.759899" end-time="2022-05-24 19:15:59.631860" duration="28.871961" asserts="0" total="3" passed="3" failed="0" warnings="0" inconclusive="0" skipped="0"><properties><property name="python_version" value="3.10.4 (tags/v3.10.4:9d38120, Mar 23 2022, 23:13:41) [MSC v.1929 64 bit (AMD64)]" /></properties><test-case id="102" name="tests/test_Checkout.py::Test_Checkout::test_complete_checkout_info_and_continue" fullname="tests/test_Checkout.py::Test_Checkout::test_complete_checkout_info_and_continue" methodname="test_complete_checkout_info_and_continue" classname="Test_Checkout" runstate="Runnable" seed="1" result="Passed" label="" start-time="2022-05-24 19:15:30.759899" end-time="2022-05-24 19:15:35.197469" duration="4.43757" asserts="0"><properties><property name="python-version" value="3.10.4 (tags/v3.10.4:9d38120, Mar 23 2022, 23:13:41) [MSC v.1929 64 bit (AMD64)]" /><property name="fspath" value="tests/test_Checkout.py" /></properties><environment framework-version="3.6.2" clr-version="3.10.4 (tags/v3.10.4:9d38120, Mar 23 2022, 23:13:41) [MSC v.1929 64 bit (AMD64)]" os-version="10" platform="Windows" cwd="C:\POM-Lesson" machine-name="AMD64" user="" user-domain="" culture="en_US" uiculture="en_US" os-architecture="64bit" /><failure><message><![CDATA[]]></message><stack-trace><![CDATA[None]]></stack-trace></failure><reason><message><![CDATA[&#x1b;[32mINFO    &#x1b;[0m root:conftest.py:15 Opening firefox browser
&#x1b;[32mINFO    &#x1b;[0m root:conftest.py:18 Navigating to https://www.saucedemo.com/
&#x1b;[32mINFO    &#x1b;[0m root:test_Checkout.py:35 Test Case: Enter Customer information and Continue
&#x1b;[32mINFO    &#x1b;[0m root:conftest.py:26 Taking a screenshot C:\POM-Lesson\tests\.\screenshots\image-052422-151533.png
&#x1b;[32mINFO    &#x1b;[0m root:conftest.py:27 Closing the browser]]></message></reason><output><![CDATA[&#x1b;[32mINFO    &#x1b;[0m root:conftest.py:15 Opening firefox browser
&#x1b;[32mINFO    &#x1b;[0m root:conftest.py:18 Navigating to https://www.saucedemo.com/
&#x1b;[32mINFO    &#x1b;[0m root:test_Checkout.py:35 Test Case: Enter Customer information and Continue
&#x1b;[32mINFO    &#x1b;[0m root:conftest.py:26 Taking a screenshot C:\POM-Lesson\tests\.\screenshots\image-052422-151533.png
&#x1b;[32mINFO    &#x1b;[0m root:conftest.py:27 Closing the browser]]></output><attachments><attachment><filePath>C:\POM-Lesson\tests\.\screenshots\image-052422-151533.png</filePath><description>testing SwagLabs webpage</description></attachment></attachments></test-case><test-case id="103" name="tests/test_Checkout.py::Test_Checkout::test_cancel_checkout" fullname="tests/test_Checkout.py::Test_Checkout::test_cancel_checkout" methodname="test_cancel_checkout" classname="Test_Checkout" runstate="Runnable" seed="1" result="Passed" label="" start-time="2022-05-24 19:15:42.835966" end-time="2022-05-24 19:15:47.245973" duration="4.410007" asserts="0"><properties><property name="python-version" value="3.10.4 (tags/v3.10.4:9d38120, Mar 23 2022, 23:13:41) [MSC v.1929 64 bit (AMD64)]" /><property name="fspath" value="tests/test_Checkout.py" /></properties><environment framework-version="3.6.2" clr-version="3.10.4 (tags/v3.10.4:9d38120, Mar 23 2022, 23:13:41) [MSC v.1929 64 bit (AMD64)]" os-version="10" platform="Windows" cwd="C:\POM-Lesson" machine-name="AMD64" user="" user-domain="" culture="en_US" uiculture="en_US" os-architecture="64bit" /><failure><message><![CDATA[]]></message><stack-trace><![CDATA[None]]></stack-trace></failure><reason><message><![CDATA[&#x1b;[32mINFO    &#x1b;[0m root:conftest.py:15 Opening firefox browser
&#x1b;[32mINFO    &#x1b;[0m root:conftest.py:18 Navigating to https://www.saucedemo.com/
&#x1b;[32mINFO    &#x1b;[0m root:test_Checkout.py:57 Test Case:Cancel checkout
&#x1b;[32mINFO    &#x1b;[0m root:conftest.py:26 Taking a screenshot C:\POM-Lesson\tests\.\screenshots\image-052422-151545.png
&#x1b;[32mINFO    &#x1b;[0m root:conftest.py:27 Closing the browser]]></message></reason><output><![CDATA[&#x1b;[32mINFO    &#x1b;[0m root:conftest.py:15 Opening firefox browser
&#x1b;[32mINFO    &#x1b;[0m root:conftest.py:18 Navigating to https://www.saucedemo.com/
&#x1b;[32mINFO    &#x1b;[0m root:test_Checkout.py:57 Test Case:Cancel checkout
&#x1b;[32mINFO    &#x1b;[0m root:conftest.py:26 Taking a screenshot C:\POM-Lesson\tests\.\screenshots\image-052422-151545.png
&#x1b;[32mINFO    &#x1b;[0m root:conftest.py:27 Closing the browser]]></output><attachments><attachment><filePath>C:\POM-Lesson\tests\.\screenshots\image-052422-151545.png</filePath><description>testing SwagLabs webpage</description></attachment></attachments></test-case><test-case id="104" name="tests/test_Checkout.py::Test_Checkout::test_finish_checkout" fullname="tests/test_Checkout.py::Test_Checkout::test_finish_checkout" methodname="test_finish_checkout" classname="Test_Checkout" runstate="Runnable" seed="1" result="Passed" label="" start-time="2022-05-24 19:15:55.000904" end-time="2022-05-24 19:15:59.631860" duration="4.630956" asserts="0"><properties><property name="python-version" value="3.10.4 (tags/v3.10.4:9d38120, Mar 23 2022, 23:13:41) [MSC v.1929 64 bit (AMD64)]" /><property name="fspath" value="tests/test_Checkout.py" /></properties><environment framework-version="3.6.2" clr-version="3.10.4 (tags/v3.10.4:9d38120, Mar 23 2022, 23:13:41) [MSC v.1929 64 bit (AMD64)]" os-version="10" platform="Windows" cwd="C:\POM-Lesson" machine-name="AMD64" user="" user-domain="" culture="en_US" uiculture="en_US" os-architecture="64bit" /><failure><message><![CDATA[]]></message><stack-trace><![CDATA[None]]></stack-trace></failure><reason><message><![CDATA[&#x1b;[32mINFO    &#x1b;[0m root:conftest.py:15 Opening firefox browser
&#x1b;[32mINFO    &#x1b;[0m root:conftest.py:18 Navigating to https://www.saucedemo.com/
&#x1b;[32mINFO    &#x1b;[0m root:test_Checkout.py:77 Test Case:Finish checkout
&#x1b;[32mINFO    &#x1b;[0m root:conftest.py:26 Taking a screenshot C:\POM-Lesson\tests\.\screenshots\image-052422-151557.png
&#x1b;[32mINFO    &#x1b;[0m root:conftest.py:27 Closing the browser]]></message></reason><output><![CDATA[&#x1b;[32mINFO    &#x1b;[0m root:conftest.py:15 Opening firefox browser
&#x1b;[32mINFO    &#x1b;[0m root:conftest.py:18 Navigating to https://www.saucedemo.com/
&#x1b;[32mINFO    &#x1b;[0m root:test_Checkout.py:77 Test Case:Finish checkout
&#x1b;[32mINFO    &#x1b;[0m root:conftest.py:26 Taking a screenshot C:\POM-Lesson\tests\.\screenshots\image-052422-151557.png
&#x1b;[32mINFO    &#x1b;[0m root:conftest.py:27 Closing the browser]]></output><attachments><attachment><filePath>C:\POM-Lesson\tests\.\screenshots\image-052422-151557.png</filePath><description>testing SwagLabs webpage</description></attachment></attachments></test-case><environment framework-version="3.6.2" clr-version="3.10.4 (tags/v3.10.4:9d38120, Mar 23 2022, 23:13:41) [MSC v.1929 64 bit (AMD64)]" os-version="10" platform="Windows" cwd="C:\POM-Lesson" machine-name="AMD64" user="" user-domain="" culture="en_US" uiculture="en_US" os-architecture="64bit" /></test-suite></test-run>