<test-run id="2" testcasecount="11" result="Passed" start-time="2022-05-24 17:28:01.791089" end-time="2022-05-24 17:30:11.538515" duration="129" total="11" passed="11" failed="0" inconclusive="0" skipped="0" asserts="0" clr-version="3.10.4 (tags/v3.10.4:9d38120, Mar 23 2022, 23:13:41) [MSC v.1929 64 bit (AMD64)]" engine-version="3.6.2"><command-line>C:\Users\VASILI\AppData\Local\Programs\Python\Python310\Scripts\pytest -v</command-line><filter /><test-suite id="tests/test_ProductList.py::TestProductList" name="tests/test_ProductList.py::TestProductList" fullname="tests/test_ProductList.py::TestProductList" methodname="" classname="" runstate="Runnable" type="Assembly" testcasecount="2" result="Passed" label="" start-time="2022-05-24 17:29:33.332871" end-time="2022-05-24 17:29:49.190164" duration="15.857293" asserts="0" total="2" passed="2" failed="0" warnings="0" inconclusive="0" skipped="0"><properties><property name="python_version" value="3.10.4 (tags/v3.10.4:9d38120, Mar 23 2022, 23:13:41) [MSC v.1929 64 bit (AMD64)]" /></properties><test-case id="107" name="tests/test_ProductList.py::TestProductList::test_add_to_cart" fullname="tests/test_ProductList.py::TestProductList::test_add_to_cart" methodname="test_add_to_cart" classname="TestProductList" runstate="Runnable" seed="1" result="Passed" label="" start-time="2022-05-24 17:29:33.332871" end-time="2022-05-24 17:29:37.280215" duration="3.947344" asserts="0"><properties><property name="python-version" value="3.10.4 (tags/v3.10.4:9d38120, Mar 23 2022, 23:13:41) [MSC v.1929 64 bit (AMD64)]" /><property name="fspath" value="tests/test_ProductList.py" /></properties><environment framework-version="3.6.2" clr-version="3.10.4 (tags/v3.10.4:9d38120, Mar 23 2022, 23:13:41) [MSC v.1929 64 bit (AMD64)]" os-version="10" platform="Windows" cwd="C:\POM-Lesson" machine-name="AMD64" user="" user-domain="" culture="en_US" uiculture="en_US" os-architecture="64bit" /><failure><message><![CDATA[]]></message><stack-trace><![CDATA[None]]></stack-trace></failure><reason><message><![CDATA[&#x1b;[32mINFO    &#x1b;[0m root:conftest.py:15 Opening firefox browser
&#x1b;[32mINFO    &#x1b;[0m root:conftest.py:18 Navigating to https://www.saucedemo.com/
&#x1b;[32mINFO    &#x1b;[0m root:test_ProductList.py:18 Test Case: Add to Cart
&#x1b;[32mINFO    &#x1b;[0m root:conftest.py:26 Taking a screenshot C:\POM-Lesson\tests\.\screenshots\image-052422-132934.png
&#x1b;[32mINFO    &#x1b;[0m root:conftest.py:27 Closing the browser]]></message></reason><output><![CDATA[&#x1b;[32mINFO    &#x1b;[0m root:conftest.py:15 Opening firefox browser
&#x1b;[32mINFO    &#x1b;[0m root:conftest.py:18 Navigating to https://www.saucedemo.com/
&#x1b;[32mINFO    &#x1b;[0m root:test_ProductList.py:18 Test Case: Add to Cart
&#x1b;[32mINFO    &#x1b;[0m root:conftest.py:26 Taking a screenshot C:\POM-Lesson\tests\.\screenshots\image-052422-132934.png
&#x1b;[32mINFO    &#x1b;[0m root:conftest.py:27 Closing the browser]]></output><attachments><attachment><filePath>C:\POM-Lesson\tests\.\screenshots\image-052422-132934.png</filePath><description>testing SwagLabs webpage</description></attachment></attachments></test-case><test-case id="108" name="tests/test_ProductList.py::TestProductList::test_product_added" fullname="tests/test_ProductList.py::TestProductList::test_product_added" methodname="test_product_added" classname="TestProductList" runstate="Runnable" seed="1" result="Passed" label="" start-time="2022-05-24 17:29:45.151486" end-time="2022-05-24 17:29:49.190164" duration="4.038678" asserts="0"><properties><property name="python-version" value="3.10.4 (tags/v3.10.4:9d38120, Mar 23 2022, 23:13:41) [MSC v.1929 64 bit (AMD64)]" /><property name="fspath" value="tests/test_ProductList.py" /></properties><environment framework-version="3.6.2" clr-version="3.10.4 (tags/v3.10.4:9d38120, Mar 23 2022, 23:13:41) [MSC v.1929 64 bit (AMD64)]" os-version="10" platform="Windows" cwd="C:\POM-Lesson" machine-name="AMD64" user="" user-domain="" culture="en_US" uiculture="en_US" os-architecture="64bit" /><failure><message><![CDATA[]]></message><stack-trace><![CDATA[None]]></stack-trace></failure><reason><message><![CDATA[&#x1b;[32mINFO    &#x1b;[0m root:conftest.py:15 Opening firefox browser
&#x1b;[32mINFO    &#x1b;[0m root:conftest.py:18 Navigating to https://www.saucedemo.com/
&#x1b;[32mINFO    &#x1b;[0m root:test_ProductList.py:32 Test Case: Product added to cart
&#x1b;[32mINFO    &#x1b;[0m root:conftest.py:26 Taking a screenshot C:\POM-Lesson\tests\.\screenshots\image-052422-132946.png
&#x1b;[32mINFO    &#x1b;[0m root:conftest.py:27 Closing the browser]]></message></reason><output><![CDATA[&#x1b;[32mINFO    &#x1b;[0m root:conftest.py:15 Opening firefox browser
&#x1b;[32mINFO    &#x1b;[0m root:conftest.py:18 Navigating to https://www.saucedemo.com/
&#x1b;[32mINFO    &#x1b;[0m root:test_ProductList.py:32 Test Case: Product added to cart
&#x1b;[32mINFO    &#x1b;[0m root:conftest.py:26 Taking a screenshot C:\POM-Lesson\tests\.\screenshots\image-052422-132946.png
&#x1b;[32mINFO    &#x1b;[0m root:conftest.py:27 Closing the browser]]></output><attachments><attachment><filePath>C:\POM-Lesson\tests\.\screenshots\image-052422-132946.png</filePath><description>testing SwagLabs webpage</description></attachment></attachments></test-case><environment framework-version="3.6.2" clr-version="3.10.4 (tags/v3.10.4:9d38120, Mar 23 2022, 23:13:41) [MSC v.1929 64 bit (AMD64)]" os-version="10" platform="Windows" cwd="C:\POM-Lesson" machine-name="AMD64" user="" user-domain="" culture="en_US" uiculture="en_US" os-architecture="64bit" /></test-suite><test-suite id="tests/test_Cart.py::TestCart" name="tests/test_Cart.py::TestCart" fullname="tests/test_Cart.py::TestCart" methodname="" classname="" runstate="Runnable" type="Assembly" testcasecount="2" result="Passed" label="" start-time="2022-05-24 17:28:10.729688" end-time="2022-05-24 17:28:25.025454" duration="14.295766" asserts="0" total="2" passed="2" failed="0" warnings="0" inconclusive="0" skipped="0"><properties><property name="python_version" value="3.10.4 (tags/v3.10.4:9d38120, Mar 23 2022, 23:13:41) [MSC v.1929 64 bit (AMD64)]" /></properties><test-case id="100" name="tests/test_Cart.py::TestCart::test_remove_item_during_checkout" fullname="tests/test_Cart.py::TestCart::test_remove_item_during_checkout" methodname="test_remove_item_during_checkout" classname="TestCart" runstate="Runnable" seed="1" result="Passed" label="" start-time="2022-05-24 17:28:10.729688" end-time="2022-05-24 17:28:14.084843" duration="3.355155" asserts="0"><properties><property name="python-version" value="3.10.4 (tags/v3.10.4:9d38120, Mar 23 2022, 23:13:41) [MSC v.1929 64 bit (AMD64)]" /><property name="fspath" value="tests/test_Cart.py" /></properties><environment framework-version="3.6.2" clr-version="3.10.4 (tags/v3.10.4:9d38120, Mar 23 2022, 23:13:41) [MSC v.1929 64 bit (AMD64)]" os-version="10" platform="Windows" cwd="C:\POM-Lesson" machine-name="AMD64" user="" user-domain="" culture="en_US" uiculture="en_US" os-architecture="64bit" /><failure><message><![CDATA[]]></message><stack-trace><![CDATA[None]]></stack-trace></failure><reason><message><![CDATA[&#x1b;[32mINFO    &#x1b;[0m root:conftest.py:15 Opening firefox browser
&#x1b;[32mINFO    &#x1b;[0m root:conftest.py:18 Navigating to https://www.saucedemo.com/
&#x1b;[32mINFO    &#x1b;[0m root:test_Cart.py:27 Test Case: Remove item during checkout
&#x1b;[32mINFO    &#x1b;[0m root:conftest.py:26 Taking a screenshot C:\POM-Lesson\tests\.\screenshots\image-052422-132812.png
&#x1b;[32mINFO    &#x1b;[0m root:conftest.py:27 Closing the browser]]></message></reason><output><![CDATA[&#x1b;[32mINFO    &#x1b;[0m root:conftest.py:15 Opening firefox browser
&#x1b;[32mINFO    &#x1b;[0m root:conftest.py:18 Navigating to https://www.saucedemo.com/
&#x1b;[32mINFO    &#x1b;[0m root:test_Cart.py:27 Test Case: Remove item during checkout
&#x1b;[32mINFO    &#x1b;[0m root:conftest.py:26 Taking a screenshot C:\POM-Lesson\tests\.\screenshots\image-052422-132812.png
&#x1b;[32mINFO    &#x1b;[0m root:conftest.py:27 Closing the browser]]></output><attachments><attachment><filePath>C:\POM-Lesson\tests\.\screenshots\image-052422-132812.png</filePath><description>testing SwagLabs webpage</description></attachment></attachments></test-case><test-case id="101" name="tests/test_Cart.py::TestCart::test_checkout" fullname="tests/test_Cart.py::TestCart::test_checkout" methodname="test_checkout" classname="TestCart" runstate="Runnable" seed="1" result="Passed" label="" start-time="2022-05-24 17:28:21.654550" end-time="2022-05-24 17:28:25.025454" duration="3.370904" asserts="0"><properties><property name="python-version" value="3.10.4 (tags/v3.10.4:9d38120, Mar 23 2022, 23:13:41) [MSC v.1929 64 bit (AMD64)]" /><property name="fspath" value="tests/test_Cart.py" /></properties><environment framework-version="3.6.2" clr-version="3.10.4 (tags/v3.10.4:9d38120, Mar 23 2022, 23:13:41) [MSC v.1929 64 bit (AMD64)]" os-version="10" platform="Windows" cwd="C:\POM-Lesson" machine-name="AMD64" user="" user-domain="" culture="en_US" uiculture="en_US" os-architecture="64bit" /><failure><message><![CDATA[]]></message><stack-trace><![CDATA[None]]></stack-trace></failure><reason><message><![CDATA[&#x1b;[32mINFO    &#x1b;[0m root:conftest.py:15 Opening firefox browser
&#x1b;[32mINFO    &#x1b;[0m root:conftest.py:18 Navigating to https://www.saucedemo.com/
&#x1b;[32mINFO    &#x1b;[0m root:test_Cart.py:42 Test Case: Checkout
&#x1b;[32mINFO    &#x1b;[0m root:conftest.py:26 Taking a screenshot C:\POM-Lesson\tests\.\screenshots\image-052422-132823.png
&#x1b;[32mINFO    &#x1b;[0m root:conftest.py:27 Closing the browser]]></message></reason><output><![CDATA[&#x1b;[32mINFO    &#x1b;[0m root:conftest.py:15 Opening firefox browser
&#x1b;[32mINFO    &#x1b;[0m root:conftest.py:18 Navigating to https://www.saucedemo.com/
&#x1b;[32mINFO    &#x1b;[0m root:test_Cart.py:42 Test Case: Checkout
&#x1b;[32mINFO    &#x1b;[0m root:conftest.py:26 Taking a screenshot C:\POM-Lesson\tests\.\screenshots\image-052422-132823.png
&#x1b;[32mINFO    &#x1b;[0m root:conftest.py:27 Closing the browser]]></output><attachments><attachment><filePath>C:\POM-Lesson\tests\.\screenshots\image-052422-132823.png</filePath><description>testing SwagLabs webpage</description></attachment></attachments></test-case><environment framework-version="3.6.2" clr-version="3.10.4 (tags/v3.10.4:9d38120, Mar 23 2022, 23:13:41) [MSC v.1929 64 bit (AMD64)]" os-version="10" platform="Windows" cwd="C:\POM-Lesson" machine-name="AMD64" user="" user-domain="" culture="en_US" uiculture="en_US" os-architecture="64bit" /></test-suite><test-suite id="tests/test_Checkout.py::Test_Checkout" name="tests/test_Checkout.py::Test_Checkout" fullname="tests/test_Checkout.py::Test_Checkout" methodname="" classname="" runstate="Runnable" type="Assembly" testcasecount="3" result="Passed" label="" start-time="2022-05-24 17:28:32.697114" end-time="2022-05-24 17:29:01.892442" duration="29.195328" asserts="0" total="3" passed="3" failed="0" warnings="0" inconclusive="0" skipped="0"><properties><property name="python_version" value="3.10.4 (tags/v3.10.4:9d38120, Mar 23 2022, 23:13:41) [MSC v.1929 64 bit (AMD64)]" /></properties><test-case id="102" name="tests/test_Checkout.py::Test_Checkout::test_complete_checkout_info_and_continue" fullname="tests/test_Checkout.py::Test_Checkout::test_complete_checkout_info_and_continue" methodname="test_complete_checkout_info_and_continue" classname="Test_Checkout" runstate="Runnable" seed="1" result="Passed" label="" start-time="2022-05-24 17:28:32.697114" end-time="2022-05-24 17:28:36.981574" duration="4.28446" asserts="0"><properties><property name="python-version" value="3.10.4 (tags/v3.10.4:9d38120, Mar 23 2022, 23:13:41) [MSC v.1929 64 bit (AMD64)]" /><property name="fspath" value="tests/test_Checkout.py" /></properties><environment framework-version="3.6.2" clr-version="3.10.4 (tags/v3.10.4:9d38120, Mar 23 2022, 23:13:41) [MSC v.1929 64 bit (AMD64)]" os-version="10" platform="Windows" cwd="C:\POM-Lesson" machine-name="AMD64" user="" user-domain="" culture="en_US" uiculture="en_US" os-architecture="64bit" /><failure><message><![CDATA[]]></message><stack-trace><![CDATA[None]]></stack-trace></failure><reason><message><![CDATA[&#x1b;[32mINFO    &#x1b;[0m root:conftest.py:15 Opening firefox browser
&#x1b;[32mINFO    &#x1b;[0m root:conftest.py:18 Navigating to https://www.saucedemo.com/
&#x1b;[32mINFO    &#x1b;[0m root:test_Checkout.py:35 Test Case: Enter Customer information and Continue
&#x1b;[32mINFO    &#x1b;[0m root:conftest.py:26 Taking a screenshot C:\POM-Lesson\tests\.\screenshots\image-052422-132834.png
&#x1b;[32mINFO    &#x1b;[0m root:conftest.py:27 Closing the browser]]></message></reason><output><![CDATA[&#x1b;[32mINFO    &#x1b;[0m root:conftest.py:15 Opening firefox browser
&#x1b;[32mINFO    &#x1b;[0m root:conftest.py:18 Navigating to https://www.saucedemo.com/
&#x1b;[32mINFO    &#x1b;[0m root:test_Checkout.py:35 Test Case: Enter Customer information and Continue
&#x1b;[32mINFO    &#x1b;[0m root:conftest.py:26 Taking a screenshot C:\POM-Lesson\tests\.\screenshots\image-052422-132834.png
&#x1b;[32mINFO    &#x1b;[0m root:conftest.py:27 Closing the browser]]></output><attachments><attachment><filePath>C:\POM-Lesson\tests\.\screenshots\image-052422-132834.png</filePath><description>testing SwagLabs webpage</description></attachment></attachments></test-case><test-case id="103" name="tests/test_Checkout.py::Test_Checkout::test_cancel_checkout" fullname="tests/test_Checkout.py::Test_Checkout::test_cancel_checkout" methodname="test_cancel_checkout" classname="Test_Checkout" runstate="Runnable" seed="1" result="Passed" label="" start-time="2022-05-24 17:28:44.750243" end-time="2022-05-24 17:28:49.395575" duration="4.645332" asserts="0"><properties><property name="python-version" value="3.10.4 (tags/v3.10.4:9d38120, Mar 23 2022, 23:13:41) [MSC v.1929 64 bit (AMD64)]" /><property name="fspath" value="tests/test_Checkout.py" /></properties><environment framework-version="3.6.2" clr-version="3.10.4 (tags/v3.10.4:9d38120, Mar 23 2022, 23:13:41) [MSC v.1929 64 bit (AMD64)]" os-version="10" platform="Windows" cwd="C:\POM-Lesson" machine-name="AMD64" user="" user-domain="" culture="en_US" uiculture="en_US" os-architecture="64bit" /><failure><message><![CDATA[]]></message><stack-trace><![CDATA[None]]></stack-trace></failure><reason><message><![CDATA[&#x1b;[32mINFO    &#x1b;[0m root:conftest.py:15 Opening firefox browser
&#x1b;[32mINFO    &#x1b;[0m root:conftest.py:18 Navigating to https://www.saucedemo.com/
&#x1b;[32mINFO    &#x1b;[0m root:test_Checkout.py:57 Test Case:Cancel checkout
&#x1b;[32mINFO    &#x1b;[0m root:conftest.py:26 Taking a screenshot C:\POM-Lesson\tests\.\screenshots\image-052422-132847.png
&#x1b;[32mINFO    &#x1b;[0m root:conftest.py:27 Closing the browser]]></message></reason><output><![CDATA[&#x1b;[32mINFO    &#x1b;[0m root:conftest.py:15 Opening firefox browser
&#x1b;[32mINFO    &#x1b;[0m root:conftest.py:18 Navigating to https://www.saucedemo.com/
&#x1b;[32mINFO    &#x1b;[0m root:test_Checkout.py:57 Test Case:Cancel checkout
&#x1b;[32mINFO    &#x1b;[0m root:conftest.py:26 Taking a screenshot C:\POM-Lesson\tests\.\screenshots\image-052422-132847.png
&#x1b;[32mINFO    &#x1b;[0m root:conftest.py:27 Closing the browser]]></output><attachments><attachment><filePath>C:\POM-Lesson\tests\.\screenshots\image-052422-132847.png</filePath><description>testing SwagLabs webpage</description></attachment></attachments></test-case><test-case id="104" name="tests/test_Checkout.py::Test_Checkout::test_finish_checkout" fullname="tests/test_Checkout.py::Test_Checkout::test_finish_checkout" methodname="test_finish_checkout" classname="Test_Checkout" runstate="Runnable" seed="1" result="Passed" label="" start-time="2022-05-24 17:28:57.098063" end-time="2022-05-24 17:29:01.892442" duration="4.794379" asserts="0"><properties><property name="python-version" value="3.10.4 (tags/v3.10.4:9d38120, Mar 23 2022, 23:13:41) [MSC v.1929 64 bit (AMD64)]" /><property name="fspath" value="tests/test_Checkout.py" /></properties><environment framework-version="3.6.2" clr-version="3.10.4 (tags/v3.10.4:9d38120, Mar 23 2022, 23:13:41) [MSC v.1929 64 bit (AMD64)]" os-version="10" platform="Windows" cwd="C:\POM-Lesson" machine-name="AMD64" user="" user-domain="" culture="en_US" uiculture="en_US" os-architecture="64bit" /><failure><message><![CDATA[]]></message><stack-trace><![CDATA[None]]></stack-trace></failure><reason><message><![CDATA[&#x1b;[32mINFO    &#x1b;[0m root:conftest.py:15 Opening firefox browser
&#x1b;[32mINFO    &#x1b;[0m root:conftest.py:18 Navigating to https://www.saucedemo.com/
&#x1b;[32mINFO    &#x1b;[0m root:test_Checkout.py:77 Test Case:Finish checkout
&#x1b;[32mINFO    &#x1b;[0m root:conftest.py:26 Taking a screenshot C:\POM-Lesson\tests\.\screenshots\image-052422-132859.png
&#x1b;[32mINFO    &#x1b;[0m root:conftest.py:27 Closing the browser]]></message></reason><output><![CDATA[&#x1b;[32mINFO    &#x1b;[0m root:conftest.py:15 Opening firefox browser
&#x1b;[32mINFO    &#x1b;[0m root:conftest.py:18 Navigating to https://www.saucedemo.com/
&#x1b;[32mINFO    &#x1b;[0m root:test_Checkout.py:77 Test Case:Finish checkout
&#x1b;[32mINFO    &#x1b;[0m root:conftest.py:26 Taking a screenshot C:\POM-Lesson\tests\.\screenshots\image-052422-132859.png
&#x1b;[32mINFO    &#x1b;[0m root:conftest.py:27 Closing the browser]]></output><attachments><attachment><filePath>C:\POM-Lesson\tests\.\screenshots\image-052422-132859.png</filePath><description>testing SwagLabs webpage</description></attachment></attachments></test-case><environment framework-version="3.6.2" clr-version="3.10.4 (tags/v3.10.4:9d38120, Mar 23 2022, 23:13:41) [MSC v.1929 64 bit (AMD64)]" os-version="10" platform="Windows" cwd="C:\POM-Lesson" machine-name="AMD64" user="" user-domain="" culture="en_US" uiculture="en_US" os-architecture="64bit" /></test-suite><test-suite id="tests/test_ProductDetails.py::TestProductDetails" name="tests/test_ProductDetails.py::TestProductDetails" fullname="tests/test_ProductDetails.py::TestProductDetails" methodname="" classname="" runstate="Runnable" type="Assembly" testcasecount="2" result="Passed" label="" start-time="2022-05-24 17:29:09.764831" end-time="2022-05-24 17:29:25.688471" duration="15.92364" asserts="0" total="2" passed="2" failed="0" warnings="0" inconclusive="0" skipped="0"><properties><property name="python_version" value="3.10.4 (tags/v3.10.4:9d38120, Mar 23 2022, 23:13:41) [MSC v.1929 64 bit (AMD64)]" /></properties><test-case id="105" name="tests/test_ProductDetails.py::TestProductDetails::test_product_details" fullname="tests/test_ProductDetails.py::TestProductDetails::test_product_details" methodname="test_product_details" classname="TestProductDetails" runstate="Runnable" seed="1" result="Passed" label="" start-time="2022-05-24 17:29:09.764831" end-time="2022-05-24 17:29:13.900551" duration="4.13572" asserts="0"><properties><property name="python-version" value="3.10.4 (tags/v3.10.4:9d38120, Mar 23 2022, 23:13:41) [MSC v.1929 64 bit (AMD64)]" /><property name="fspath" value="tests/test_ProductDetails.py" /></properties><environment framework-version="3.6.2" clr-version="3.10.4 (tags/v3.10.4:9d38120, Mar 23 2022, 23:13:41) [MSC v.1929 64 bit (AMD64)]" os-version="10" platform="Windows" cwd="C:\POM-Lesson" machine-name="AMD64" user="" user-domain="" culture="en_US" uiculture="en_US" os-architecture="64bit" /><failure><message><![CDATA[]]></message><stack-trace><![CDATA[None]]></stack-trace></failure><reason><message><![CDATA[&#x1b;[32mINFO    &#x1b;[0m root:conftest.py:15 Opening firefox browser
&#x1b;[32mINFO    &#x1b;[0m root:conftest.py:18 Navigating to https://www.saucedemo.com/
&#x1b;[32mINFO    &#x1b;[0m root:test_ProductDetails.py:16 Test Case: Check product details
&#x1b;[32mINFO    &#x1b;[0m root:conftest.py:26 Taking a screenshot C:\POM-Lesson\tests\.\screenshots\image-052422-132911.png
&#x1b;[32mINFO    &#x1b;[0m root:conftest.py:27 Closing the browser]]></message></reason><output><![CDATA[&#x1b;[32mINFO    &#x1b;[0m root:conftest.py:15 Opening firefox browser
&#x1b;[32mINFO    &#x1b;[0m root:conftest.py:18 Navigating to https://www.saucedemo.com/
&#x1b;[32mINFO    &#x1b;[0m root:test_ProductDetails.py:16 Test Case: Check product details
&#x1b;[32mINFO    &#x1b;[0m root:conftest.py:26 Taking a screenshot C:\POM-Lesson\tests\.\screenshots\image-052422-132911.png
&#x1b;[32mINFO    &#x1b;[0m root:conftest.py:27 Closing the browser]]></output><attachments><attachment><filePath>C:\POM-Lesson\tests\.\screenshots\image-052422-132911.png</filePath><description>testing SwagLabs webpage</description></attachment></attachments></test-case><test-case id="106" name="tests/test_ProductDetails.py::TestProductDetails::test_add_to_cart_from_details_page" fullname="tests/test_ProductDetails.py::TestProductDetails::test_add_to_cart_from_details_page" methodname="test_add_to_cart_from_details_page" classname="TestProductDetails" runstate="Runnable" seed="1" result="Passed" label="" start-time="2022-05-24 17:29:21.633418" end-time="2022-05-24 17:29:25.688471" duration="4.055053" asserts="0"><properties><property name="python-version" value="3.10.4 (tags/v3.10.4:9d38120, Mar 23 2022, 23:13:41) [MSC v.1929 64 bit (AMD64)]" /><property name="fspath" value="tests/test_ProductDetails.py" /></properties><environment framework-version="3.6.2" clr-version="3.10.4 (tags/v3.10.4:9d38120, Mar 23 2022, 23:13:41) [MSC v.1929 64 bit (AMD64)]" os-version="10" platform="Windows" cwd="C:\POM-Lesson" machine-name="AMD64" user="" user-domain="" culture="en_US" uiculture="en_US" os-architecture="64bit" /><failure><message><![CDATA[]]></message><stack-trace><![CDATA[None]]></stack-trace></failure><reason><message><![CDATA[&#x1b;[32mINFO    &#x1b;[0m root:conftest.py:15 Opening firefox browser
&#x1b;[32mINFO    &#x1b;[0m root:conftest.py:18 Navigating to https://www.saucedemo.com/
&#x1b;[32mINFO    &#x1b;[0m root:test_ProductDetails.py:30 Test Case: Add to Cart
&#x1b;[32mINFO    &#x1b;[0m root:conftest.py:26 Taking a screenshot C:\POM-Lesson\tests\.\screenshots\image-052422-132923.png
&#x1b;[32mINFO    &#x1b;[0m root:conftest.py:27 Closing the browser]]></message></reason><output><![CDATA[&#x1b;[32mINFO    &#x1b;[0m root:conftest.py:15 Opening firefox browser
&#x1b;[32mINFO    &#x1b;[0m root:conftest.py:18 Navigating to https://www.saucedemo.com/
&#x1b;[32mINFO    &#x1b;[0m root:test_ProductDetails.py:30 Test Case: Add to Cart
&#x1b;[32mINFO    &#x1b;[0m root:conftest.py:26 Taking a screenshot C:\POM-Lesson\tests\.\screenshots\image-052422-132923.png
&#x1b;[32mINFO    &#x1b;[0m root:conftest.py:27 Closing the browser]]></output><attachments><attachment><filePath>C:\POM-Lesson\tests\.\screenshots\image-052422-132923.png</filePath><description>testing SwagLabs webpage</description></attachment></attachments></test-case><environment framework-version="3.6.2" clr-version="3.10.4 (tags/v3.10.4:9d38120, Mar 23 2022, 23:13:41) [MSC v.1929 64 bit (AMD64)]" os-version="10" platform="Windows" cwd="C:\POM-Lesson" machine-name="AMD64" user="" user-domain="" culture="en_US" uiculture="en_US" os-architecture="64bit" /></test-suite><test-suite id="tests/test_login.py::TestLogin" name="tests/test_login.py::TestLogin" fullname="tests/test_login.py::TestLogin" methodname="" classname="" runstate="Runnable" type="Assembly" testcasecount="2" result="Passed" label="" start-time="2022-05-24 17:29:57.534935" end-time="2022-05-24 17:30:11.538515" duration="14.00358" asserts="0" total="2" passed="2" failed="0" warnings="0" inconclusive="0" skipped="0"><properties><property name="python_version" value="3.10.4 (tags/v3.10.4:9d38120, Mar 23 2022, 23:13:41) [MSC v.1929 64 bit (AMD64)]" /></properties><test-case id="109" name="tests/test_login.py::TestLogin::test_login_page_title" fullname="tests/test_login.py::TestLogin::test_login_page_title" methodname="test_login_page_title" classname="TestLogin" runstate="Runnable" seed="1" result="Passed" label="" start-time="2022-05-24 17:29:57.534935" end-time="2022-05-24 17:29:59.990212" duration="2.455277" asserts="0"><properties><property name="python-version" value="3.10.4 (tags/v3.10.4:9d38120, Mar 23 2022, 23:13:41) [MSC v.1929 64 bit (AMD64)]" /><property name="fspath" value="tests/test_login.py" /></properties><environment framework-version="3.6.2" clr-version="3.10.4 (tags/v3.10.4:9d38120, Mar 23 2022, 23:13:41) [MSC v.1929 64 bit (AMD64)]" os-version="10" platform="Windows" cwd="C:\POM-Lesson" machine-name="AMD64" user="" user-domain="" culture="en_US" uiculture="en_US" os-architecture="64bit" /><failure><message><![CDATA[]]></message><stack-trace><![CDATA[None]]></stack-trace></failure><reason><message><![CDATA[&#x1b;[32mINFO    &#x1b;[0m root:conftest.py:15 Opening firefox browser
&#x1b;[32mINFO    &#x1b;[0m root:conftest.py:18 Navigating to https://www.saucedemo.com/
&#x1b;[32mINFO    &#x1b;[0m root:test_login.py:16 Test case: Validating Login Page Title
&#x1b;[32mINFO    &#x1b;[0m root:conftest.py:26 Taking a screenshot C:\POM-Lesson\tests\.\screenshots\image-052422-132957.png
&#x1b;[32mINFO    &#x1b;[0m root:conftest.py:27 Closing the browser]]></message></reason><output><![CDATA[&#x1b;[32mINFO    &#x1b;[0m root:conftest.py:15 Opening firefox browser
&#x1b;[32mINFO    &#x1b;[0m root:conftest.py:18 Navigating to https://www.saucedemo.com/
&#x1b;[32mINFO    &#x1b;[0m root:test_login.py:16 Test case: Validating Login Page Title
&#x1b;[32mINFO    &#x1b;[0m root:conftest.py:26 Taking a screenshot C:\POM-Lesson\tests\.\screenshots\image-052422-132957.png
&#x1b;[32mINFO    &#x1b;[0m root:conftest.py:27 Closing the browser]]></output><attachments><attachment><filePath>C:\POM-Lesson\tests\.\screenshots\image-052422-132957.png</filePath><description>testing SwagLabs webpage</description></attachment></attachments></test-case><test-case id="110" name="tests/test_login.py::TestLogin::test_login" fullname="tests/test_login.py::TestLogin::test_login" methodname="test_login" classname="TestLogin" runstate="Runnable" seed="1" result="Passed" label="" start-time="2022-05-24 17:30:07.686790" end-time="2022-05-24 17:30:11.538515" duration="3.851725" asserts="0"><properties><property name="python-version" value="3.10.4 (tags/v3.10.4:9d38120, Mar 23 2022, 23:13:41) [MSC v.1929 64 bit (AMD64)]" /><property name="fspath" value="tests/test_login.py" /></properties><environment framework-version="3.6.2" clr-version="3.10.4 (tags/v3.10.4:9d38120, Mar 23 2022, 23:13:41) [MSC v.1929 64 bit (AMD64)]" os-version="10" platform="Windows" cwd="C:\POM-Lesson" machine-name="AMD64" user="" user-domain="" culture="en_US" uiculture="en_US" os-architecture="64bit" /><failure><message><![CDATA[]]></message><stack-trace><![CDATA[None]]></stack-trace></failure><reason><message><![CDATA[&#x1b;[32mINFO    &#x1b;[0m root:conftest.py:15 Opening firefox browser
&#x1b;[32mINFO    &#x1b;[0m root:conftest.py:18 Navigating to https://www.saucedemo.com/
&#x1b;[32mINFO    &#x1b;[0m root:test_login.py:29 Test case: Validating Login Process
&#x1b;[32mINFO    &#x1b;[0m root:test_login.py:32 Login successfull
&#x1b;[32mINFO    &#x1b;[0m root:conftest.py:26 Taking a screenshot C:\POM-Lesson\tests\.\screenshots\image-052422-133009.png
&#x1b;[32mINFO    &#x1b;[0m root:conftest.py:27 Closing the browser]]></message></reason><output><![CDATA[&#x1b;[32mINFO    &#x1b;[0m root:conftest.py:15 Opening firefox browser
&#x1b;[32mINFO    &#x1b;[0m root:conftest.py:18 Navigating to https://www.saucedemo.com/
&#x1b;[32mINFO    &#x1b;[0m root:test_login.py:29 Test case: Validating Login Process
&#x1b;[32mINFO    &#x1b;[0m root:test_login.py:32 Login successfull
&#x1b;[32mINFO    &#x1b;[0m root:conftest.py:26 Taking a screenshot C:\POM-Lesson\tests\.\screenshots\image-052422-133009.png
&#x1b;[32mINFO    &#x1b;[0m root:conftest.py:27 Closing the browser]]></output><attachments><attachment><filePath>C:\POM-Lesson\tests\.\screenshots\image-052422-133009.png</filePath><description>testing SwagLabs webpage</description></attachment></attachments></test-case><environment framework-version="3.6.2" clr-version="3.10.4 (tags/v3.10.4:9d38120, Mar 23 2022, 23:13:41) [MSC v.1929 64 bit (AMD64)]" os-version="10" platform="Windows" cwd="C:\POM-Lesson" machine-name="AMD64" user="" user-domain="" culture="en_US" uiculture="en_US" os-architecture="64bit" /></test-suite></test-run>